生成启动时间为 2018/7/9 15:12:45。
     1>项目“E:\Lisy\PairProject2018\WordCount\WordCount\WordCount.vcxproj”在节点 2 上(rebuild 个目标)。
     1>_PrepareForClean:
         正在删除文件“Debug\WordCount.lastbuildstate”。
       InitializeBuildStatus:
         正在对“Debug\WordCount.unsuccessfulbuild”执行 Touch 任务。
       ClCompile:
         C:\Program Files (x86)\Microsoft Visual Studio 10.0\VC\bin\CL.exe /c /ZI /nologo /W3 /WX- /Od /Oy- /D WIN32 /D _DEBUG /D _CONSOLE /D _UNICODE /D UNICODE /Gm /EHsc /RTC1 /MDd /GS /fp:precise /Zc:wchar_t /Zc:forScope /Yc"StdAfx.h" /Fp"Debug\WordCount.pch" /Fo"Debug\\" /Fd"Debug\vc100.pdb" /Gd /TP /analyze- /errorReport:prompt stdafx.cpp
         stdafx.cpp
         C:\Program Files (x86)\Microsoft Visual Studio 10.0\VC\bin\CL.exe /c /ZI /nologo /W3 /WX- /Od /Oy- /D WIN32 /D _DEBUG /D _CONSOLE /D _UNICODE /D UNICODE /Gm /EHsc /RTC1 /MDd /GS /fp:precise /Zc:wchar_t /Zc:forScope /Yu"StdAfx.h" /Fp"Debug\WordCount.pch" /Fo"Debug\\" /Fd"Debug\vc100.pdb" /Gd /TP /analyze- /errorReport:prompt CharCount.cpp WordCount.cpp WordIden.cpp WordSort.cpp
         WordSort.cpp
         WordIden.cpp
         WordCount.cpp
         CharCount.cpp
         正在生成代码...
       Link:
         C:\Program Files (x86)\Microsoft Visual Studio 10.0\VC\bin\link.exe /ERRORREPORT:PROMPT /OUT:"E:\Lisy\PairProject2018\WordCount\Debug\WordCount.exe" /INCREMENTAL /NOLOGO kernel32.lib user32.lib gdi32.lib winspool.lib comdlg32.lib advapi32.lib shell32.lib ole32.lib oleaut32.lib uuid.lib odbc32.lib odbccp32.lib /MANIFEST /ManifestFile:"Debug\WordCount.exe.intermediate.manifest" /MANIFESTUAC:"level='asInvoker' uiAccess='false'" /DEBUG /PDB:"E:\Lisy\PairProject2018\WordCount\Debug\WordCount.pdb" /SUBSYSTEM:CONSOLE /TLBID:1 /DYNAMICBASE /NXCOMPAT /IMPLIB:"E:\Lisy\PairProject2018\WordCount\Debug\WordCount.lib" /MACHINE:X86 Debug\CharCount.obj
         Debug\stdafx.obj
         Debug\WordCount.obj
         Debug\WordIden.obj
         Debug\WordSort.obj
         WordCount.vcxproj -> E:\Lisy\PairProject2018\WordCount\Debug\WordCount.exe
       Manifest:
         C:\Program Files (x86)\Microsoft SDKs\Windows\v7.0A\bin\mt.exe /nologo /verbose /out:"E:\Lisy\PairProject2018\WordCount\Debug\WordCount.exe.manifest" /manifest Debug\WordCount.exe.intermediate.manifest
       FinalizeBuildStatus:
         正在删除文件“Debug\WordCount.unsuccessfulbuild”。
         正在对“Debug\WordCount.lastbuildstate”执行 Touch 任务。
     1>已完成生成项目“E:\Lisy\PairProject2018\WordCount\WordCount\WordCount.vcxproj”(rebuild 个目标)的操作。

生成成功。

已用时间 00:00:00.53
