E:\LISY\PAIRPROJECT2018\WORDCOUNT\WORDCOUNT\DEBUG\CHARCOUNT.OBJ
E:\Lisy\PairProject2018\WordCount\WordCount\Debug\cl.command.1.tlog
E:\Lisy\PairProject2018\WordCount\WordCount\Debug\CL.read.1.tlog
E:\Lisy\PairProject2018\WordCount\WordCount\Debug\CL.write.1.tlog
E:\Lisy\PairProject2018\WordCount\WordCount\Debug\link.command.1.tlog
E:\Lisy\PairProject2018\WordCount\WordCount\Debug\link.read.1.tlog
E:\Lisy\PairProject2018\WordCount\WordCount\Debug\link.write.1.tlog
E:\Lisy\PairProject2018\WordCount\WordCount\Debug\rc.command.1.tlog
E:\Lisy\PairProject2018\WordCount\WordCount\Debug\rc.read.1.tlog
E:\Lisy\PairProject2018\WordCount\WordCount\Debug\rc.write.1.tlog
E:\LISY\PAIRPROJECT2018\WORDCOUNT\WORDCOUNT\DEBUG\STDAFX.OBJ
E:\Lisy\PairProject2018\WordCount\WordCount\Debug\vc100.idb
E:\LISY\PAIRPROJECT2018\WORDCOUNT\WORDCOUNT\DEBUG\VC100.PDB
E:\Lisy\PairProject2018\WordCount\WordCount\Debug\WordCount.exe.embed.manifest
E:\LISY\PAIRPROJECT2018\WORDCOUNT\WORDCOUNT\DEBUG\WORDCOUNT.EXE.EMBED.MANIFEST.RES
E:\LISY\PAIRPROJECT2018\WORDCOUNT\WORDCOUNT\DEBUG\WORDCOUNT.OBJ
E:\LISY\PAIRPROJECT2018\WORDCOUNT\WORDCOUNT\DEBUG\WORDCOUNT.PCH
E:\Lisy\PairProject2018\WordCount\WordCount\Debug\WordCount.write.1.tlog
E:\Lisy\PairProject2018\WordCount\WordCount\Debug\WordCount_manifest.rc
E:\LISY\PAIRPROJECT2018\WORDCOUNT\WORDCOUNT\DEBUG\WORDIDEN.OBJ
E:\LISY\PAIRPROJECT2018\WORDCOUNT\WORDCOUNT\DEBUG\WORDSORT.OBJ
